{"C:\\Users\\user\\test-fe-adw\\test-fe\\src\\pages\\AddUser.jsx": {"path":"C:\\Users\\user\\test-fe-adw\\test-fe\\src\\pages\\AddUser.jsx","statementMap":{"0":{"start":{"line":12,"column":6},"end":{"line":12,"column":15}},"1":{"start":{"line":13,"column":19},"end":{"line":13,"column":32}},"2":{"start":{"line":15,"column":19},"end":{"line":18,"column":3}},"3":{"start":{"line":16,"column":4},"end":{"line":16,"column":31}},"4":{"start":{"line":17,"column":4},"end":{"line":17,"column":12}},"5":{"start":{"line":20,"column":2},"end":{"line":113,"column":4}}},"fnMap":{"0":{"name":"AddUser","decl":{"start":{"line":6,"column":24},"end":{"line":6,"column":31}},"loc":{"start":{"line":6,"column":34},"end":{"line":114,"column":1}},"line":6},"1":{"name":"(anonymous_1)","decl":{"start":{"line":15,"column":19},"end":{"line":15,"column":20}},"loc":{"start":{"line":15,"column":29},"end":{"line":18,"column":3}},"line":15}},"branchMap":{"0":{"loc":{"start":{"line":38,"column":11},"end":{"line":40,"column":11}},"type":"binary-expr","locations":[{"start":{"line":38,"column":11},"end":{"line":38,"column":27}},{"start":{"line":39,"column":12},"end":{"line":39,"column":76}}],"line":38},"1":{"loc":{"start":{"line":56,"column":11},"end":{"line":58,"column":11}},"type":"binary-expr","locations":[{"start":{"line":56,"column":11},"end":{"line":56,"column":26}},{"start":{"line":57,"column":12},"end":{"line":57,"column":75}}],"line":56},"2":{"loc":{"start":{"line":78,"column":11},"end":{"line":80,"column":11}},"type":"binary-expr","locations":[{"start":{"line":78,"column":11},"end":{"line":78,"column":21}},{"start":{"line":79,"column":12},"end":{"line":79,"column":70}}],"line":78},"3":{"loc":{"start":{"line":100,"column":11},"end":{"line":102,"column":11}},"type":"binary-expr","locations":[{"start":{"line":100,"column":11},"end":{"line":100,"column":24}},{"start":{"line":101,"column":12},"end":{"line":101,"column":73}}],"line":100}},"s":{"0":5,"1":5,"2":5,"3":1,"4":1,"5":5},"f":{"0":5,"1":1},"b":{"0":[5,1],"1":[5,1],"2":[5,1],"3":[5,1]},"_coverageSchema":"1a1c01bbd47fc00a2c39e90264f33305004495a9","hash":"8b313591b4b127788d01c0c32452c0150ef6aab3"}
,"C:\\Users\\user\\test-fe-adw\\test-fe\\src\\pages\\Dashboard.jsx": {"path":"C:\\Users\\user\\test-fe-adw\\test-fe\\src\\pages\\Dashboard.jsx","statementMap":{"0":{"start":{"line":7,"column":19},"end":{"line":7,"column":32}},"1":{"start":{"line":8,"column":16},"end":{"line":8,"column":56}},"2":{"start":{"line":8,"column":39},"end":{"line":8,"column":55}},"3":{"start":{"line":9,"column":19},"end":{"line":9,"column":32}},"4":{"start":{"line":11,"column":30},"end":{"line":11,"column":51}},"5":{"start":{"line":12,"column":28},"end":{"line":12,"column":43}},"6":{"start":{"line":13,"column":40},"end":{"line":13,"column":52}},"7":{"start":{"line":15,"column":2},"end":{"line":17,"column":32}},"8":{"start":{"line":16,"column":4},"end":{"line":16,"column":40}},"9":{"start":{"line":19,"column":23},"end":{"line":26,"column":3}},"10":{"start":{"line":20,"column":4},"end":{"line":20,"column":23}},"11":{"start":{"line":21,"column":4},"end":{"line":25,"column":5}},"12":{"start":{"line":22,"column":6},"end":{"line":22,"column":41}},"13":{"start":{"line":24,"column":6},"end":{"line":24,"column":42}},"14":{"start":{"line":28,"column":28},"end":{"line":30,"column":3}},"15":{"start":{"line":29,"column":4},"end":{"line":29,"column":32}},"16":{"start":{"line":32,"column":2},"end":{"line":126,"column":4}},"17":{"start":{"line":45,"column":31},"end":{"line":45,"column":61}},"18":{"start":{"line":65,"column":31},"end":{"line":65,"column":56}},"19":{"start":{"line":80,"column":31},"end":{"line":80,"column":55}},"20":{"start":{"line":94,"column":14},"end":{"line":120,"column":20}},"21":{"start":{"line":114,"column":35},"end":{"line":114,"column":61}}},"fnMap":{"0":{"name":"Dashboard","decl":{"start":{"line":6,"column":24},"end":{"line":6,"column":33}},"loc":{"start":{"line":6,"column":36},"end":{"line":127,"column":1}},"line":6},"1":{"name":"(anonymous_1)","decl":{"start":{"line":8,"column":28},"end":{"line":8,"column":29}},"loc":{"start":{"line":8,"column":39},"end":{"line":8,"column":55}},"line":8},"2":{"name":"(anonymous_2)","decl":{"start":{"line":15,"column":12},"end":{"line":15,"column":13}},"loc":{"start":{"line":15,"column":18},"end":{"line":17,"column":3}},"line":15},"3":{"name":"(anonymous_3)","decl":{"start":{"line":19,"column":23},"end":{"line":19,"column":24}},"loc":{"start":{"line":19,"column":30},"end":{"line":26,"column":3}},"line":19},"4":{"name":"(anonymous_4)","decl":{"start":{"line":28,"column":28},"end":{"line":28,"column":29}},"loc":{"start":{"line":28,"column":40},"end":{"line":30,"column":3}},"line":28},"5":{"name":"(anonymous_5)","decl":{"start":{"line":45,"column":24},"end":{"line":45,"column":25}},"loc":{"start":{"line":45,"column":31},"end":{"line":45,"column":61}},"line":45},"6":{"name":"(anonymous_6)","decl":{"start":{"line":65,"column":24},"end":{"line":65,"column":25}},"loc":{"start":{"line":65,"column":31},"end":{"line":65,"column":56}},"line":65},"7":{"name":"(anonymous_7)","decl":{"start":{"line":80,"column":24},"end":{"line":80,"column":25}},"loc":{"start":{"line":80,"column":31},"end":{"line":80,"column":55}},"line":80},"8":{"name":"(anonymous_8)","decl":{"start":{"line":93,"column":23},"end":{"line":93,"column":24}},"loc":{"start":{"line":94,"column":14},"end":{"line":120,"column":20}},"line":94},"9":{"name":"(anonymous_9)","decl":{"start":{"line":114,"column":29},"end":{"line":114,"column":30}},"loc":{"start":{"line":114,"column":35},"end":{"line":114,"column":61}},"line":114}},"branchMap":{"0":{"loc":{"start":{"line":21,"column":4},"end":{"line":25,"column":5}},"type":"if","locations":[{"start":{"line":21,"column":4},"end":{"line":25,"column":5}},{"start":{"line":23,"column":11},"end":{"line":25,"column":5}}],"line":21},"1":{"loc":{"start":{"line":89,"column":9},"end":{"line":123,"column":9}},"type":"cond-expr","locations":[{"start":{"line":90,"column":10},"end":{"line":90,"column":72}},{"start":{"line":92,"column":10},"end":{"line":122,"column":16}}],"line":89}},"s":{"0":13,"1":13,"2":22,"3":13,"4":13,"5":13,"6":13,"7":13,"8":11,"9":13,"10":2,"11":2,"12":1,"13":1,"14":13,"15":1,"16":13,"17":1,"18":1,"19":1,"20":24,"21":1},"f":{"0":13,"1":22,"2":11,"3":2,"4":1,"5":1,"6":1,"7":1,"8":24,"9":1},"b":{"0":[1,1],"1":[1,12]},"_coverageSchema":"1a1c01bbd47fc00a2c39e90264f33305004495a9","hash":"419ea0cf6759c3b9ea6a143aacc48ca21b0ea2d3"}
,"C:\\Users\\user\\test-fe-adw\\test-fe\\src\\pages\\EditUser.jsx": {"path":"C:\\Users\\user\\test-fe-adw\\test-fe\\src\\pages\\EditUser.jsx","statementMap":{"0":{"start":{"line":8,"column":17},"end":{"line":8,"column":28}},"1":{"start":{"line":9,"column":15},"end":{"line":9,"column":60}},"2":{"start":{"line":9,"column":38},"end":{"line":9,"column":59}},"3":{"start":{"line":10,"column":19},"end":{"line":10,"column":32}},"4":{"start":{"line":11,"column":19},"end":{"line":11,"column":32}},"5":{"start":{"line":13,"column":2},"end":{"line":15,"column":21}},"6":{"start":{"line":14,"column":4},"end":{"line":14,"column":34}},"7":{"start":{"line":22,"column":6},"end":{"line":22,"column":15}},"8":{"start":{"line":24,"column":2},"end":{"line":31,"column":23}},"9":{"start":{"line":25,"column":4},"end":{"line":30,"column":5}},"10":{"start":{"line":26,"column":6},"end":{"line":26,"column":44}},"11":{"start":{"line":27,"column":6},"end":{"line":27,"column":42}},"12":{"start":{"line":28,"column":6},"end":{"line":28,"column":32}},"13":{"start":{"line":29,"column":6},"end":{"line":29,"column":38}},"14":{"start":{"line":33,"column":19},"end":{"line":39,"column":3}},"15":{"start":{"line":34,"column":4},"end":{"line":38,"column":22}},"16":{"start":{"line":35,"column":6},"end":{"line":35,"column":43}},"17":{"start":{"line":37,"column":6},"end":{"line":37,"column":27}},"18":{"start":{"line":41,"column":2},"end":{"line":134,"column":4}}},"fnMap":{"0":{"name":"EditUser","decl":{"start":{"line":7,"column":24},"end":{"line":7,"column":32}},"loc":{"start":{"line":7,"column":35},"end":{"line":135,"column":1}},"line":7},"1":{"name":"(anonymous_1)","decl":{"start":{"line":9,"column":27},"end":{"line":9,"column":28}},"loc":{"start":{"line":9,"column":38},"end":{"line":9,"column":59}},"line":9},"2":{"name":"(anonymous_2)","decl":{"start":{"line":13,"column":12},"end":{"line":13,"column":13}},"loc":{"start":{"line":13,"column":18},"end":{"line":15,"column":3}},"line":13},"3":{"name":"(anonymous_3)","decl":{"start":{"line":24,"column":12},"end":{"line":24,"column":13}},"loc":{"start":{"line":24,"column":18},"end":{"line":31,"column":3}},"line":24},"4":{"name":"(anonymous_4)","decl":{"start":{"line":33,"column":19},"end":{"line":33,"column":20}},"loc":{"start":{"line":33,"column":35},"end":{"line":39,"column":3}},"line":33}},"branchMap":{"0":{"loc":{"start":{"line":25,"column":4},"end":{"line":30,"column":5}},"type":"if","locations":[{"start":{"line":25,"column":4},"end":{"line":30,"column":5}},{"start":{},"end":{}}],"line":25},"1":{"loc":{"start":{"line":59,"column":11},"end":{"line":61,"column":11}},"type":"binary-expr","locations":[{"start":{"line":59,"column":11},"end":{"line":59,"column":27}},{"start":{"line":60,"column":12},"end":{"line":60,"column":76}}],"line":59},"2":{"loc":{"start":{"line":77,"column":11},"end":{"line":79,"column":11}},"type":"binary-expr","locations":[{"start":{"line":77,"column":11},"end":{"line":77,"column":26}},{"start":{"line":78,"column":12},"end":{"line":78,"column":75}}],"line":77},"3":{"loc":{"start":{"line":99,"column":11},"end":{"line":101,"column":11}},"type":"binary-expr","locations":[{"start":{"line":99,"column":11},"end":{"line":99,"column":21}},{"start":{"line":100,"column":12},"end":{"line":100,"column":70}}],"line":99},"4":{"loc":{"start":{"line":121,"column":11},"end":{"line":123,"column":11}},"type":"binary-expr","locations":[{"start":{"line":121,"column":11},"end":{"line":121,"column":24}},{"start":{"line":122,"column":12},"end":{"line":122,"column":73}}],"line":121}},"s":{"0":5,"1":5,"2":8,"3":5,"4":5,"5":5,"6":3,"7":5,"8":5,"9":3,"10":3,"11":3,"12":3,"13":3,"14":5,"15":1,"16":1,"17":1,"18":5},"f":{"0":5,"1":8,"2":3,"3":3,"4":1},"b":{"0":[3,0],"1":[5,1],"2":[5,1],"3":[5,1],"4":[5,1]},"_coverageSchema":"1a1c01bbd47fc00a2c39e90264f33305004495a9","hash":"d0d5632be70aed0929c7e522e77a5ec397e04c88"}
,"C:\\Users\\user\\test-fe-adw\\test-fe\\src\\pages\\Login.jsx": {"path":"C:\\Users\\user\\test-fe-adw\\test-fe\\src\\pages\\Login.jsx","statementMap":{"0":{"start":{"line":7,"column":23},"end":{"line":120,"column":1}},"1":{"start":{"line":8,"column":34},"end":{"line":8,"column":46}},"2":{"start":{"line":9,"column":34},"end":{"line":9,"column":46}},"3":{"start":{"line":10,"column":42},"end":{"line":10,"column":57}},"4":{"start":{"line":11,"column":19},"end":{"line":11,"column":32}},"5":{"start":{"line":12,"column":15},"end":{"line":12,"column":54}},"6":{"start":{"line":12,"column":38},"end":{"line":12,"column":53}},"7":{"start":{"line":13,"column":19},"end":{"line":13,"column":32}},"8":{"start":{"line":15,"column":22},"end":{"line":18,"column":3}},"9":{"start":{"line":16,"column":4},"end":{"line":16,"column":23}},"10":{"start":{"line":17,"column":4},"end":{"line":17,"column":48}},"11":{"start":{"line":20,"column":2},"end":{"line":24,"column":23}},"12":{"start":{"line":21,"column":4},"end":{"line":23,"column":5}},"13":{"start":{"line":22,"column":6},"end":{"line":22,"column":20}},"14":{"start":{"line":26,"column":35},"end":{"line":28,"column":3}},"15":{"start":{"line":27,"column":4},"end":{"line":27,"column":35}},"16":{"start":{"line":30,"column":2},"end":{"line":119,"column":4}},"17":{"start":{"line":58,"column":33},"end":{"line":58,"column":60}},"18":{"start":{"line":89,"column":33},"end":{"line":89,"column":60}}},"fnMap":{"0":{"name":"(anonymous_0)","decl":{"start":{"line":7,"column":23},"end":{"line":7,"column":24}},"loc":{"start":{"line":7,"column":29},"end":{"line":120,"column":1}},"line":7},"1":{"name":"(anonymous_1)","decl":{"start":{"line":12,"column":27},"end":{"line":12,"column":28}},"loc":{"start":{"line":12,"column":38},"end":{"line":12,"column":53}},"line":12},"2":{"name":"(anonymous_2)","decl":{"start":{"line":15,"column":22},"end":{"line":15,"column":23}},"loc":{"start":{"line":15,"column":29},"end":{"line":18,"column":3}},"line":15},"3":{"name":"(anonymous_3)","decl":{"start":{"line":20,"column":12},"end":{"line":20,"column":13}},"loc":{"start":{"line":20,"column":18},"end":{"line":24,"column":3}},"line":20},"4":{"name":"(anonymous_4)","decl":{"start":{"line":26,"column":35},"end":{"line":26,"column":36}},"loc":{"start":{"line":26,"column":41},"end":{"line":28,"column":3}},"line":26},"5":{"name":"(anonymous_5)","decl":{"start":{"line":58,"column":26},"end":{"line":58,"column":27}},"loc":{"start":{"line":58,"column":33},"end":{"line":58,"column":60}},"line":58},"6":{"name":"(anonymous_6)","decl":{"start":{"line":89,"column":26},"end":{"line":89,"column":27}},"loc":{"start":{"line":89,"column":33},"end":{"line":89,"column":60}},"line":89}},"branchMap":{"0":{"loc":{"start":{"line":21,"column":4},"end":{"line":23,"column":5}},"type":"if","locations":[{"start":{"line":21,"column":4},"end":{"line":23,"column":5}},{"start":{},"end":{}}],"line":21},"1":{"loc":{"start":{"line":87,"column":22},"end":{"line":87,"column":56}},"type":"cond-expr","locations":[{"start":{"line":87,"column":37},"end":{"line":87,"column":43}},{"start":{"line":87,"column":46},"end":{"line":87,"column":56}}],"line":87},"2":{"loc":{"start":{"line":99,"column":17},"end":{"line":103,"column":17}},"type":"cond-expr","locations":[{"start":{"line":100,"column":18},"end":{"line":100,"column":73}},{"start":{"line":102,"column":18},"end":{"line":102,"column":68}}],"line":99}},"s":{"0":1,"1":8,"2":8,"3":8,"4":8,"5":8,"6":12,"7":8,"8":8,"9":1,"10":1,"11":8,"12":4,"13":1,"14":8,"15":2,"16":8,"17":1,"18":1},"f":{"0":8,"1":12,"2":1,"3":4,"4":2,"5":1,"6":1},"b":{"0":[1,3],"1":[1,7],"2":[1,7]},"_coverageSchema":"1a1c01bbd47fc00a2c39e90264f33305004495a9","hash":"7936380292032886305ba786174ba7f1cd4def2b"}
,"C:\\Users\\user\\test-fe-adw\\test-fe\\src\\pages\\Profile.jsx": {"path":"C:\\Users\\user\\test-fe-adw\\test-fe\\src\\pages\\Profile.jsx","statementMap":{"0":{"start":{"line":7,"column":15},"end":{"line":7,"column":54}},"1":{"start":{"line":7,"column":38},"end":{"line":7,"column":53}},"2":{"start":{"line":8,"column":19},"end":{"line":8,"column":32}},"3":{"start":{"line":9,"column":19},"end":{"line":9,"column":32}},"4":{"start":{"line":11,"column":2},"end":{"line":18,"column":23}},"5":{"start":{"line":12,"column":4},"end":{"line":17,"column":5}},"6":{"start":{"line":13,"column":25},"end":{"line":13,"column":53}},"7":{"start":{"line":14,"column":6},"end":{"line":16,"column":7}},"8":{"start":{"line":15,"column":8},"end":{"line":15,"column":50}},"9":{"start":{"line":20,"column":28},"end":{"line":24,"column":3}},"10":{"start":{"line":21,"column":4},"end":{"line":23,"column":5}},"11":{"start":{"line":22,"column":6},"end":{"line":22,"column":43}},"12":{"start":{"line":26,"column":2},"end":{"line":66,"column":4}}},"fnMap":{"0":{"name":"Profile","decl":{"start":{"line":6,"column":24},"end":{"line":6,"column":31}},"loc":{"start":{"line":6,"column":34},"end":{"line":67,"column":1}},"line":6},"1":{"name":"(anonymous_1)","decl":{"start":{"line":7,"column":27},"end":{"line":7,"column":28}},"loc":{"start":{"line":7,"column":38},"end":{"line":7,"column":53}},"line":7},"2":{"name":"(anonymous_2)","decl":{"start":{"line":11,"column":12},"end":{"line":11,"column":13}},"loc":{"start":{"line":11,"column":18},"end":{"line":18,"column":3}},"line":11},"3":{"name":"(anonymous_3)","decl":{"start":{"line":20,"column":28},"end":{"line":20,"column":29}},"loc":{"start":{"line":20,"column":34},"end":{"line":24,"column":3}},"line":20}},"branchMap":{"0":{"loc":{"start":{"line":12,"column":4},"end":{"line":17,"column":5}},"type":"if","locations":[{"start":{"line":12,"column":4},"end":{"line":17,"column":5}},{"start":{},"end":{}}],"line":12},"1":{"loc":{"start":{"line":14,"column":6},"end":{"line":16,"column":7}},"type":"if","locations":[{"start":{"line":14,"column":6},"end":{"line":16,"column":7}},{"start":{},"end":{}}],"line":14},"2":{"loc":{"start":{"line":21,"column":4},"end":{"line":23,"column":5}},"type":"if","locations":[{"start":{"line":21,"column":4},"end":{"line":23,"column":5}},{"start":{},"end":{}}],"line":21},"3":{"loc":{"start":{"line":21,"column":8},"end":{"line":21,"column":23}},"type":"binary-expr","locations":[{"start":{"line":21,"column":8},"end":{"line":21,"column":12}},{"start":{"line":21,"column":16},"end":{"line":21,"column":23}}],"line":21},"4":{"loc":{"start":{"line":33,"column":9},"end":{"line":63,"column":9}},"type":"cond-expr","locations":[{"start":{"line":34,"column":10},"end":{"line":58,"column":16}},{"start":{"line":60,"column":10},"end":{"line":62,"column":14}}],"line":33}},"s":{"0":4,"1":8,"2":4,"3":4,"4":4,"5":4,"6":2,"7":2,"8":1,"9":4,"10":1,"11":1,"12":4},"f":{"0":4,"1":8,"2":4,"3":1},"b":{"0":[2,2],"1":[1,1],"2":[1,0],"3":[1,1],"4":[2,2]},"_coverageSchema":"1a1c01bbd47fc00a2c39e90264f33305004495a9","hash":"091b021dfa73ddfce71f22501873a01ec15e58da"}
,"C:\\Users\\user\\test-fe-adw\\test-fe\\src\\pages\\UserDetail.jsx": {"path":"C:\\Users\\user\\test-fe-adw\\test-fe\\src\\pages\\UserDetail.jsx","statementMap":{"0":{"start":{"line":6,"column":28},"end":{"line":41,"column":1}},"1":{"start":{"line":7,"column":17},"end":{"line":7,"column":28}},"2":{"start":{"line":8,"column":19},"end":{"line":8,"column":32}},"3":{"start":{"line":9,"column":21},"end":{"line":9,"column":66}},"4":{"start":{"line":9,"column":44},"end":{"line":9,"column":65}},"5":{"start":{"line":11,"column":2},"end":{"line":13,"column":21}},"6":{"start":{"line":12,"column":4},"end":{"line":12,"column":34}},"7":{"start":{"line":15,"column":2},"end":{"line":40,"column":4}}},"fnMap":{"0":{"name":"(anonymous_0)","decl":{"start":{"line":6,"column":28},"end":{"line":6,"column":29}},"loc":{"start":{"line":6,"column":34},"end":{"line":41,"column":1}},"line":6},"1":{"name":"(anonymous_1)","decl":{"start":{"line":9,"column":33},"end":{"line":9,"column":34}},"loc":{"start":{"line":9,"column":44},"end":{"line":9,"column":65}},"line":9},"2":{"name":"(anonymous_2)","decl":{"start":{"line":11,"column":12},"end":{"line":11,"column":13}},"loc":{"start":{"line":11,"column":18},"end":{"line":13,"column":3}},"line":11}},"branchMap":{"0":{"loc":{"start":{"line":18,"column":9},"end":{"line":37,"column":9}},"type":"cond-expr","locations":[{"start":{"line":19,"column":10},"end":{"line":34,"column":16}},{"start":{"line":36,"column":10},"end":{"line":36,"column":78}}],"line":18}},"s":{"0":1,"1":3,"2":3,"3":3,"4":6,"5":3,"6":3,"7":3},"f":{"0":3,"1":6,"2":3},"b":{"0":[1,2]},"_coverageSchema":"1a1c01bbd47fc00a2c39e90264f33305004495a9","hash":"985ac9f828eb050daa83f6c83f335fa804ac8f11"}
,"C:\\Users\\user\\test-fe-adw\\test-fe\\src\\store\\userSlice.js": {"path":"C:\\Users\\user\\test-fe-adw\\test-fe\\src\\store\\userSlice.js","statementMap":{"0":{"start":{"line":5,"column":25},"end":{"line":40,"column":2}},"1":{"start":{"line":15,"column":6},"end":{"line":15,"column":34}},"2":{"start":{"line":18,"column":6},"end":{"line":18,"column":35}},"3":{"start":{"line":21,"column":6},"end":{"line":21,"column":40}},"4":{"start":{"line":24,"column":6},"end":{"line":24,"column":39}},"5":{"start":{"line":27,"column":26},"end":{"line":27,"column":40}},"6":{"start":{"line":28,"column":20},"end":{"line":28,"column":79}},"7":{"start":{"line":28,"column":52},"end":{"line":28,"column":78}},"8":{"start":{"line":29,"column":6},"end":{"line":31,"column":7}},"9":{"start":{"line":30,"column":8},"end":{"line":30,"column":41}},"10":{"start":{"line":34,"column":6},"end":{"line":34,"column":24}},"11":{"start":{"line":35,"column":6},"end":{"line":35,"column":39}},"12":{"start":{"line":36,"column":6},"end":{"line":36,"column":46}},"13":{"start":{"line":37,"column":6},"end":{"line":37,"column":38}},"14":{"start":{"line":49,"column":4},"end":{"line":49,"column":21}},"15":{"start":{"line":51,"column":25},"end":{"line":78,"column":1}},"16":{"start":{"line":51,"column":42},"end":{"line":78,"column":1}},"17":{"start":{"line":52,"column":2},"end":{"line":77,"column":3}},"18":{"start":{"line":53,"column":21},"end":{"line":56,"column":5}},"19":{"start":{"line":57,"column":4},"end":{"line":57,"column":28}},"20":{"start":{"line":59,"column":4},"end":{"line":59,"column":46}},"21":{"start":{"line":60,"column":4},"end":{"line":60,"column":60}},"22":{"start":{"line":62,"column":4},"end":{"line":62,"column":55}},"23":{"start":{"line":64,"column":4},"end":{"line":69,"column":7}},"24":{"start":{"line":71,"column":4},"end":{"line":76,"column":7}},"25":{"start":{"line":81,"column":2},"end":{"line":99,"column":3}},"26":{"start":{"line":82,"column":2},"end":{"line":99,"column":3}},"27":{"start":{"line":83,"column":4},"end":{"line":98,"column":5}},"28":{"start":{"line":84,"column":23},"end":{"line":86,"column":7}},"29":{"start":{"line":87,"column":6},"end":{"line":87,"column":37}},"30":{"start":{"line":90,"column":6},"end":{"line":97,"column":9}},"31":{"start":{"line":101,"column":31},"end":{"line":116,"column":1}},"32":{"start":{"line":101,"column":43},"end":{"line":116,"column":1}},"33":{"start":{"line":102,"column":2},"end":{"line":115,"column":3}},"34":{"start":{"line":103,"column":21},"end":{"line":103,"column":77}},"35":{"start":{"line":104,"column":4},"end":{"line":104,"column":34}},"36":{"start":{"line":107,"column":4},"end":{"line":114,"column":7}},"37":{"start":{"line":118,"column":27},"end":{"line":135,"column":1}},"38":{"start":{"line":118,"column":38},"end":{"line":135,"column":1}},"39":{"start":{"line":119,"column":2},"end":{"line":134,"column":3}},"40":{"start":{"line":120,"column":21},"end":{"line":122,"column":5}},"41":{"start":{"line":123,"column":4},"end":{"line":123,"column":35}},"42":{"start":{"line":126,"column":4},"end":{"line":133,"column":7}},"43":{"start":{"line":137,"column":26},"end":{"line":161,"column":1}},"44":{"start":{"line":137,"column":39},"end":{"line":161,"column":1}},"45":{"start":{"line":138,"column":2},"end":{"line":160,"column":3}},"46":{"start":{"line":139,"column":21},"end":{"line":142,"column":5}},"47":{"start":{"line":143,"column":4},"end":{"line":143,"column":28}},"48":{"start":{"line":145,"column":4},"end":{"line":150,"column":7}},"49":{"start":{"line":153,"column":4},"end":{"line":159,"column":7}},"50":{"start":{"line":163,"column":26},"end":{"line":188,"column":1}},"51":{"start":{"line":163,"column":51},"end":{"line":188,"column":1}},"52":{"start":{"line":164,"column":2},"end":{"line":187,"column":3}},"53":{"start":{"line":165,"column":21},"end":{"line":168,"column":5}},"54":{"start":{"line":169,"column":4},"end":{"line":169,"column":38}},"55":{"start":{"line":171,"column":4},"end":{"line":176,"column":7}},"56":{"start":{"line":179,"column":4},"end":{"line":186,"column":7}}},"fnMap":{"0":{"name":"(anonymous_0)","decl":{"start":{"line":14,"column":13},"end":{"line":14,"column":14}},"loc":{"start":{"line":14,"column":32},"end":{"line":16,"column":5}},"line":14},"1":{"name":"(anonymous_1)","decl":{"start":{"line":17,"column":14},"end":{"line":17,"column":15}},"loc":{"start":{"line":17,"column":33},"end":{"line":19,"column":5}},"line":17},"2":{"name":"(anonymous_2)","decl":{"start":{"line":20,"column":19},"end":{"line":20,"column":20}},"loc":{"start":{"line":20,"column":38},"end":{"line":22,"column":5}},"line":20},"3":{"name":"(anonymous_3)","decl":{"start":{"line":23,"column":13},"end":{"line":23,"column":14}},"loc":{"start":{"line":23,"column":32},"end":{"line":25,"column":5}},"line":23},"4":{"name":"(anonymous_4)","decl":{"start":{"line":26,"column":23},"end":{"line":26,"column":24}},"loc":{"start":{"line":26,"column":42},"end":{"line":32,"column":5}},"line":26},"5":{"name":"(anonymous_5)","decl":{"start":{"line":28,"column":42},"end":{"line":28,"column":43}},"loc":{"start":{"line":28,"column":52},"end":{"line":28,"column":78}},"line":28},"6":{"name":"(anonymous_6)","decl":{"start":{"line":33,"column":16},"end":{"line":33,"column":17}},"loc":{"start":{"line":33,"column":27},"end":{"line":38,"column":5}},"line":33},"7":{"name":"(anonymous_7)","decl":{"start":{"line":51,"column":25},"end":{"line":51,"column":26}},"loc":{"start":{"line":51,"column":42},"end":{"line":78,"column":1}},"line":51},"8":{"name":"(anonymous_8)","decl":{"start":{"line":51,"column":42},"end":{"line":51,"column":43}},"loc":{"start":{"line":51,"column":62},"end":{"line":78,"column":1}},"line":51},"9":{"name":"(anonymous_9)","decl":{"start":{"line":81,"column":2},"end":{"line":81,"column":3}},"loc":{"start":{"line":82,"column":2},"end":{"line":99,"column":3}},"line":82},"10":{"name":"(anonymous_10)","decl":{"start":{"line":82,"column":2},"end":{"line":82,"column":3}},"loc":{"start":{"line":82,"column":22},"end":{"line":99,"column":3}},"line":82},"11":{"name":"(anonymous_11)","decl":{"start":{"line":101,"column":31},"end":{"line":101,"column":32}},"loc":{"start":{"line":101,"column":43},"end":{"line":116,"column":1}},"line":101},"12":{"name":"(anonymous_12)","decl":{"start":{"line":101,"column":43},"end":{"line":101,"column":44}},"loc":{"start":{"line":101,"column":63},"end":{"line":116,"column":1}},"line":101},"13":{"name":"(anonymous_13)","decl":{"start":{"line":118,"column":27},"end":{"line":118,"column":28}},"loc":{"start":{"line":118,"column":38},"end":{"line":135,"column":1}},"line":118},"14":{"name":"(anonymous_14)","decl":{"start":{"line":118,"column":38},"end":{"line":118,"column":39}},"loc":{"start":{"line":118,"column":58},"end":{"line":135,"column":1}},"line":118},"15":{"name":"(anonymous_15)","decl":{"start":{"line":137,"column":26},"end":{"line":137,"column":27}},"loc":{"start":{"line":137,"column":39},"end":{"line":161,"column":1}},"line":137},"16":{"name":"(anonymous_16)","decl":{"start":{"line":137,"column":39},"end":{"line":137,"column":40}},"loc":{"start":{"line":137,"column":59},"end":{"line":161,"column":1}},"line":137},"17":{"name":"(anonymous_17)","decl":{"start":{"line":163,"column":26},"end":{"line":163,"column":27}},"loc":{"start":{"line":163,"column":51},"end":{"line":188,"column":1}},"line":163},"18":{"name":"(anonymous_18)","decl":{"start":{"line":163,"column":51},"end":{"line":163,"column":52}},"loc":{"start":{"line":163,"column":71},"end":{"line":188,"column":1}},"line":163}},"branchMap":{"0":{"loc":{"start":{"line":29,"column":6},"end":{"line":31,"column":7}},"type":"if","locations":[{"start":{"line":29,"column":6},"end":{"line":31,"column":7}},{"start":{},"end":{}}],"line":29},"1":{"loc":{"start":{"line":73,"column":12},"end":{"line":73,"column":77}},"type":"binary-expr","locations":[{"start":{"line":73,"column":12},"end":{"line":73,"column":41}},{"start":{"line":73,"column":45},"end":{"line":73,"column":77}}],"line":73},"2":{"loc":{"start":{"line":81,"column":3},"end":{"line":81,"column":23}},"type":"default-arg","locations":[{"start":{"line":81,"column":12},"end":{"line":81,"column":23}}],"line":81},"3":{"loc":{"start":{"line":81,"column":25},"end":{"line":81,"column":38}},"type":"default-arg","locations":[{"start":{"line":81,"column":33},"end":{"line":81,"column":38}}],"line":81},"4":{"loc":{"start":{"line":93,"column":10},"end":{"line":94,"column":50}},"type":"binary-expr","locations":[{"start":{"line":93,"column":10},"end":{"line":93,"column":39}},{"start":{"line":94,"column":10},"end":{"line":94,"column":50}}],"line":93},"5":{"loc":{"start":{"line":110,"column":8},"end":{"line":111,"column":55}},"type":"binary-expr","locations":[{"start":{"line":110,"column":8},"end":{"line":110,"column":37}},{"start":{"line":111,"column":8},"end":{"line":111,"column":55}}],"line":110},"6":{"loc":{"start":{"line":129,"column":8},"end":{"line":130,"column":49}},"type":"binary-expr","locations":[{"start":{"line":129,"column":8},"end":{"line":129,"column":37}},{"start":{"line":130,"column":8},"end":{"line":130,"column":49}}],"line":129},"7":{"loc":{"start":{"line":156,"column":8},"end":{"line":156,"column":78}},"type":"binary-expr","locations":[{"start":{"line":156,"column":8},"end":{"line":156,"column":37}},{"start":{"line":156,"column":41},"end":{"line":156,"column":78}}],"line":156},"8":{"loc":{"start":{"line":182,"column":8},"end":{"line":183,"column":47}},"type":"binary-expr","locations":[{"start":{"line":182,"column":8},"end":{"line":182,"column":37}},{"start":{"line":183,"column":8},"end":{"line":183,"column":47}}],"line":182}},"s":{"0":2,"1":1,"2":1,"3":1,"4":1,"5":1,"6":1,"7":1,"8":1,"9":1,"10":1,"11":1,"12":1,"13":1,"14":2,"15":2,"16":2,"17":2,"18":2,"19":1,"20":1,"21":1,"22":1,"23":1,"24":1,"25":2,"26":2,"27":2,"28":2,"29":1,"30":1,"31":2,"32":2,"33":2,"34":2,"35":1,"36":1,"37":2,"38":2,"39":2,"40":2,"41":1,"42":1,"43":2,"44":2,"45":2,"46":2,"47":1,"48":1,"49":1,"50":2,"51":2,"52":2,"53":2,"54":1,"55":1,"56":1},"f":{"0":1,"1":1,"2":1,"3":1,"4":1,"5":1,"6":1,"7":2,"8":2,"9":2,"10":2,"11":2,"12":2,"13":2,"14":2,"15":2,"16":2,"17":2,"18":2},"b":{"0":[1,0],"1":[1,0],"2":[2],"3":[2],"4":[1,1],"5":[1,1],"6":[1,1],"7":[1,1],"8":[1,1]},"_coverageSchema":"1a1c01bbd47fc00a2c39e90264f33305004495a9","hash":"627d45170af752ee3c7d7f1984627cc2ce0139e9"}
}
