TN:
SF:src\pages\AddUser.jsx
FN:6,AddUser
FN:15,(anonymous_1)
FNF:2
FNH:2
FNDA:5,AddUser
FNDA:1,(anonymous_1)
DA:12,5
DA:13,5
DA:15,5
DA:16,1
DA:17,1
DA:20,5
LF:6
LH:6
BRDA:38,0,0,5
BRDA:38,0,1,1
BRDA:56,1,0,5
BRDA:56,1,1,1
BRDA:78,2,0,5
BRDA:78,2,1,1
BRDA:100,3,0,5
BRDA:100,3,1,1
BRF:8
BRH:8
end_of_record
TN:
SF:src\pages\Dashboard.jsx
FN:6,Dashboard
FN:8,(anonymous_1)
FN:15,(anonymous_2)
FN:19,(anonymous_3)
FN:28,(anonymous_4)
FN:45,(anonymous_5)
FN:65,(anonymous_6)
FN:80,(anonymous_7)
FN:93,(anonymous_8)
FN:114,(anonymous_9)
FNF:10
FNH:10
FNDA:13,Dashboard
FNDA:22,(anonymous_1)
FNDA:11,(anonymous_2)
FNDA:2,(anonymous_3)
FNDA:1,(anonymous_4)
FNDA:1,(anonymous_5)
FNDA:1,(anonymous_6)
FNDA:1,(anonymous_7)
FNDA:24,(anonymous_8)
FNDA:1,(anonymous_9)
DA:7,13
DA:8,22
DA:9,13
DA:11,13
DA:12,13
DA:13,13
DA:15,13
DA:16,11
DA:19,13
DA:20,2
DA:21,2
DA:22,1
DA:24,1
DA:28,13
DA:29,1
DA:32,13
DA:45,1
DA:65,1
DA:80,1
DA:94,24
DA:114,1
LF:21
LH:21
BRDA:21,0,0,1
BRDA:21,0,1,1
BRDA:89,1,0,1
BRDA:89,1,1,12
BRF:4
BRH:4
end_of_record
TN:
SF:src\pages\EditUser.jsx
FN:7,EditUser
FN:9,(anonymous_1)
FN:13,(anonymous_2)
FN:24,(anonymous_3)
FN:33,(anonymous_4)
FNF:5
FNH:5
FNDA:5,EditUser
FNDA:8,(anonymous_1)
FNDA:3,(anonymous_2)
FNDA:3,(anonymous_3)
FNDA:1,(anonymous_4)
DA:8,5
DA:9,8
DA:10,5
DA:11,5
DA:13,5
DA:14,3
DA:22,5
DA:24,5
DA:25,3
DA:26,3
DA:27,3
DA:28,3
DA:29,3
DA:33,5
DA:34,1
DA:35,1
DA:37,1
DA:41,5
LF:18
LH:18
BRDA:25,0,0,3
BRDA:25,0,1,0
BRDA:59,1,0,5
BRDA:59,1,1,1
BRDA:77,2,0,5
BRDA:77,2,1,1
BRDA:99,3,0,5
BRDA:99,3,1,1
BRDA:121,4,0,5
BRDA:121,4,1,1
BRF:10
BRH:9
end_of_record
TN:
SF:src\pages\Login.jsx
FN:7,(anonymous_0)
FN:12,(anonymous_1)
FN:15,(anonymous_2)
FN:20,(anonymous_3)
FN:26,(anonymous_4)
FN:58,(anonymous_5)
FN:89,(anonymous_6)
FNF:7
FNH:7
FNDA:8,(anonymous_0)
FNDA:12,(anonymous_1)
FNDA:1,(anonymous_2)
FNDA:4,(anonymous_3)
FNDA:2,(anonymous_4)
FNDA:1,(anonymous_5)
FNDA:1,(anonymous_6)
DA:7,1
DA:8,8
DA:9,8
DA:10,8
DA:11,8
DA:12,12
DA:13,8
DA:15,8
DA:16,1
DA:17,1
DA:20,8
DA:21,4
DA:22,1
DA:26,8
DA:27,2
DA:30,8
DA:58,1
DA:89,1
LF:18
LH:18
BRDA:21,0,0,1
BRDA:21,0,1,3
BRDA:87,1,0,1
BRDA:87,1,1,7
BRDA:99,2,0,1
BRDA:99,2,1,7
BRF:6
BRH:6
end_of_record
TN:
SF:src\pages\Profile.jsx
FN:6,Profile
FN:7,(anonymous_1)
FN:11,(anonymous_2)
FN:20,(anonymous_3)
FNF:4
FNH:4
FNDA:4,Profile
FNDA:8,(anonymous_1)
FNDA:4,(anonymous_2)
FNDA:1,(anonymous_3)
DA:7,8
DA:8,4
DA:9,4
DA:11,4
DA:12,4
DA:13,2
DA:14,2
DA:15,1
DA:20,4
DA:21,1
DA:22,1
DA:26,4
LF:12
LH:12
BRDA:12,0,0,2
BRDA:12,0,1,2
BRDA:14,1,0,1
BRDA:14,1,1,1
BRDA:21,2,0,1
BRDA:21,2,1,0
BRDA:21,3,0,1
BRDA:21,3,1,1
BRDA:33,4,0,2
BRDA:33,4,1,2
BRF:10
BRH:9
end_of_record
TN:
SF:src\pages\UserDetail.jsx
FN:6,(anonymous_0)
FN:9,(anonymous_1)
FN:11,(anonymous_2)
FNF:3
FNH:3
FNDA:3,(anonymous_0)
FNDA:6,(anonymous_1)
FNDA:3,(anonymous_2)
DA:6,1
DA:7,3
DA:8,3
DA:9,6
DA:11,3
DA:12,3
DA:15,3
LF:7
LH:7
BRDA:18,0,0,1
BRDA:18,0,1,2
BRF:2
BRH:2
end_of_record
TN:
SF:src\store\userSlice.js
FN:14,(anonymous_0)
FN:17,(anonymous_1)
FN:20,(anonymous_2)
FN:23,(anonymous_3)
FN:26,(anonymous_4)
FN:28,(anonymous_5)
FN:33,(anonymous_6)
FN:51,(anonymous_7)
FN:51,(anonymous_8)
FN:81,(anonymous_9)
FN:82,(anonymous_10)
FN:101,(anonymous_11)
FN:101,(anonymous_12)
FN:118,(anonymous_13)
FN:118,(anonymous_14)
FN:137,(anonymous_15)
FN:137,(anonymous_16)
FN:163,(anonymous_17)
FN:163,(anonymous_18)
FNF:19
FNH:19
FNDA:1,(anonymous_0)
FNDA:1,(anonymous_1)
FNDA:1,(anonymous_2)
FNDA:1,(anonymous_3)
FNDA:1,(anonymous_4)
FNDA:1,(anonymous_5)
FNDA:1,(anonymous_6)
FNDA:2,(anonymous_7)
FNDA:2,(anonymous_8)
FNDA:2,(anonymous_9)
FNDA:2,(anonymous_10)
FNDA:2,(anonymous_11)
FNDA:2,(anonymous_12)
FNDA:2,(anonymous_13)
FNDA:2,(anonymous_14)
FNDA:2,(anonymous_15)
FNDA:2,(anonymous_16)
FNDA:2,(anonymous_17)
FNDA:2,(anonymous_18)
DA:5,2
DA:15,1
DA:18,1
DA:21,1
DA:24,1
DA:27,1
DA:28,1
DA:29,1
DA:30,1
DA:34,1
DA:35,1
DA:36,1
DA:37,1
DA:49,2
DA:51,2
DA:52,2
DA:53,2
DA:57,1
DA:59,1
DA:60,1
DA:62,1
DA:64,1
DA:71,1
DA:81,2
DA:82,2
DA:83,2
DA:84,2
DA:87,1
DA:90,1
DA:101,2
DA:102,2
DA:103,2
DA:104,1
DA:107,1
DA:118,2
DA:119,2
DA:120,2
DA:123,1
DA:126,1
DA:137,2
DA:138,2
DA:139,2
DA:143,1
DA:145,1
DA:153,1
DA:163,2
DA:164,2
DA:165,2
DA:169,1
DA:171,1
DA:179,1
LF:51
LH:51
BRDA:29,0,0,1
BRDA:29,0,1,0
BRDA:73,1,0,1
BRDA:73,1,1,0
BRDA:81,2,0,2
BRDA:81,3,0,2
BRDA:93,4,0,1
BRDA:93,4,1,1
BRDA:110,5,0,1
BRDA:110,5,1,1
BRDA:129,6,0,1
BRDA:129,6,1,1
BRDA:156,7,0,1
BRDA:156,7,1,1
BRDA:182,8,0,1
BRDA:182,8,1,1
BRF:16
BRH:14
end_of_record
